<?xml version="1.0" encoding="UTF-8"?>
<!-- Generated by org.testng.reporters.JUnitXMLReporter -->
<testsuite ignored="3" hostname="DESKTOP-MKGSUNF" failures="0" tests="31" name="Test08" time="64.086" errors="0" timestamp="2023-08-03T17:22:13 IST">
  <testcase classname="test12.Testng_Innvocation" name="TestA" time="0.008"/>
  <testcase classname="test12.Testng_Innvocation" name="TestA" time="0.001"/>
  <testcase classname="test12.Testng_Innvocation" name="TestB" time="0.002"/>
  <testcase classname="test12.Testng_Innvocation" name="TestB" time="0.002"/>
  <testcase classname="test12.Testng_Innvocation" name="TestB" time="0.002"/>
  <testcase classname="test12.Testng_Innvocation" name="TestC" time="0.002"/>
  <testcase classname="test12.Testng_Innvocation" name="TestD" time="0.001"/>
  <testcase classname="test12.Testng_Innvocation" name="TestD" time="0.0"/>
  <testcase classname="test12.Testng_Innvocation" name="TestD" time="0.002"/>
  <testcase classname="test12.Testng_Innvocation" name="TestD" time="0.001"/>
  <testcase classname="test12.Testng_Innvocation" name="TestD" time="0.0"/>
  <testcase classname="test12.Testng_Innvocation" name="TestE" time="0.002"/>
  <testcase classname="test12.Amazon_29" name="ToverifytheTaskButton" time="4.368"/>
  <testcase classname="test12.Amazon_29" name="ToverifytheTaskButton1" time="5.608"/>
  <testcase classname="test12.Amazon_29" name="ToverifytheTaskButton2" time="8.633"/>
  <testcase classname="test12.Amazon_29" name="ToverifytheTsakButton3" time="5.865"/>
  <testcase classname="test12.TestNg" name="TestA" time="0.003"/>
  <testcase classname="test12.TestNg" name="TestB" time="0.006"/>
  <testcase classname="test12.TestNg" name="TestC" time="0.0"/>
  <testcase classname="test12.TestNg" name="TestD" time="0.002"/>
  <testcase classname="test12.TestNg" name="TestE" time="0.0"/>
  <testcase classname="test12.Testng_Enable" name="TestB" time="4.518"/>
  <testcase classname="test12.Testng_Enable" name="TestC" time="0.0"/>
  <testcase classname="test12.Testng_Enable" name="TestD" time="0.0"/>
  <testcase classname="test12.Testng_Enable" name="TestD" time="0.01"/>
  <testcase classname="test12.Testng_Enable" name="TestD" time="0.002"/>
  <testcase classname="test12.Testng_Enable" name="TestD" time="0.0"/>
  <testcase classname="test12.Testng_Enable" name="TestD" time="0.001"/>
  <testcase classname="test12.Testng_Enable" name="TestA" time="0.003"/>
  <testcase classname="test12.Verification_homepage" name="ToverifytheTaskButton" time="3.969"/>
  <testcase classname="test12.Verification_homepage" name="ToverifytheTaskButton1" time="5.623"/>
  <testcase classname="test12.Testng_Enable" name="TestE" time="0.0">
    <ignored/>
  </testcase> <!-- TestE -->
  <testcase classname="test12.Verification_homepage" name="ToverifytheTsakButton3" time="0.0">
    <ignored/>
  </testcase> <!-- ToverifytheTsakButton3 -->
  <testcase classname="test12.Verification_homepage" name="ToverifytheTaskButton2" time="0.0">
    <ignored/>
  </testcase> <!-- ToverifytheTaskButton2 -->
</testsuite> <!-- Test08 -->
